<?xml version="1.0" encoding="UTF-8"?>
<coverage generated="1617652765868" clover="3.2.0">
  <project timestamp="1617652765868" name="All files">
    <metrics statements="10" coveredstatements="5" conditionals="0" coveredconditionals="0" methods="4" coveredmethods="1" elements="14" coveredelements="6" complexity="0" loc="10" ncloc="10" packages="2" files="3" classes="3"/>
    <package name="app-layout">
      <metrics statements="7" coveredstatements="2" conditionals="0" coveredconditionals="0" methods="3" coveredmethods="0"/>
      <file name="app-layout.jsx" path="/home/dzionsi/Документы/Dev/Project/strumen_electric/src/components/layout/app-layout/app-layout.jsx">
        <metrics statements="7" coveredstatements="2" conditionals="0" coveredconditionals="0" methods="3" coveredmethods="0"/>
        <line num="8" count="0" type="stmt"/>
        <line num="11" count="0" type="stmt"/>
        <line num="14" count="0" type="stmt"/>
        <line num="16" count="0" type="stmt"/>
        <line num="23" count="0" type="stmt"/>
        <line num="30" count="1" type="stmt"/>
        <line num="35" count="1" type="stmt"/>
      </file>
    </package>
    <package name="logic-gate">
      <metrics statements="3" coveredstatements="3" conditionals="0" coveredconditionals="0" methods="1" coveredmethods="1"/>
      <file name="index.js" path="/home/dzionsi/Документы/Dev/Project/strumen_electric/src/components/layout/logic-gate/index.js">
        <metrics statements="0" coveredstatements="0" conditionals="0" coveredconditionals="0" methods="0" coveredmethods="0"/>
      </file>
      <file name="logic-gate.jsx" path="/home/dzionsi/Документы/Dev/Project/strumen_electric/src/components/layout/logic-gate/logic-gate.jsx">
        <metrics statements="3" coveredstatements="3" conditionals="0" coveredconditionals="0" methods="1" coveredmethods="1"/>
        <line num="10" count="3" type="stmt"/>
        <line num="12" count="3" type="stmt"/>
        <line num="34" count="2" type="stmt"/>
      </file>
    </package>
  </project>
</coverage>
