{"/home/dzionsi/Документы/Dev/Project/strumen_electric/src/components/layout/app-layout/app-layout.jsx": {"path":"/home/dzionsi/Документы/Dev/Project/strumen_electric/src/components/layout/app-layout/app-layout.jsx","statementMap":{"0":{"start":{"line":8,"column":20},"end":{"line":8,"column":25}},"1":{"start":{"line":11,"column":21},"end":{"line":21,"column":4}},"2":{"start":{"line":14,"column":8},"end":{"line":14,"column":12}},"3":{"start":{"line":16,"column":4},"end":{"line":20,"column":6}},"4":{"start":{"line":23,"column":2},"end":{"line":27,"column":4}},"5":{"start":{"line":30,"column":0},"end":{"line":33,"column":2}},"6":{"start":{"line":35,"column":0},"end":{"line":42,"column":2}}},"fnMap":{"0":{"name":"AppLayout","decl":{"start":{"line":7,"column":9},"end":{"line":7,"column":18}},"loc":{"start":{"line":7,"column":26},"end":{"line":28,"column":1}},"line":7},"1":{"name":"(anonymous_1)","decl":{"start":{"line":11,"column":31},"end":{"line":11,"column":32}},"loc":{"start":{"line":11,"column":41},"end":{"line":21,"column":3}},"line":11},"2":{"name":"(anonymous_2)","decl":{"start":{"line":32,"column":17},"end":{"line":32,"column":18}},"loc":{"start":{"line":32,"column":23},"end":{"line":32,"column":25}},"line":32}},"branchMap":{},"s":{"0":0,"1":0,"2":0,"3":0,"4":0,"5":1,"6":1},"f":{"0":0,"1":0,"2":0},"b":{},"_coverageSchema":"1a1c01bbd47fc00a2c39e90264f33305004495a9","hash":"4d9f60d029bf47039ac74a23c18c9a2fc5d03a46"}
,"/home/dzionsi/Документы/Dev/Project/strumen_electric/src/components/layout/logic-gate/index.js": {"path":"/home/dzionsi/Документы/Dev/Project/strumen_electric/src/components/layout/logic-gate/index.js","statementMap":{},"fnMap":{},"branchMap":{},"s":{},"f":{},"b":{},"_coverageSchema":"1a1c01bbd47fc00a2c39e90264f33305004495a9","hash":"39ee5dc7a8356d2ab7b5a9610539d081d3959bef"}
,"/home/dzionsi/Документы/Dev/Project/strumen_electric/src/components/layout/logic-gate/logic-gate.jsx": {"path":"/home/dzionsi/Документы/Dev/Project/strumen_electric/src/components/layout/logic-gate/logic-gate.jsx","statementMap":{"0":{"start":{"line":10,"column":6},"end":{"line":10,"column":11}},"1":{"start":{"line":12,"column":2},"end":{"line":31,"column":4}},"2":{"start":{"line":34,"column":0},"end":{"line":39,"column":2}}},"fnMap":{"0":{"name":"LogicGate","decl":{"start":{"line":7,"column":9},"end":{"line":7,"column":18}},"loc":{"start":{"line":7,"column":26},"end":{"line":32,"column":1}},"line":7}},"branchMap":{},"s":{"0":3,"1":3,"2":2},"f":{"0":3},"b":{},"_coverageSchema":"1a1c01bbd47fc00a2c39e90264f33305004495a9","hash":"f6c30d0c197f82bce108e6b45a8ab0cc17ff0c2c"}
}
