TN:
SF:src/components/layout/app-layout/app-layout.jsx
FN:7,AppLayout
FN:11,(anonymous_1)
FN:32,(anonymous_2)
FNF:3
FNH:0
FNDA:0,AppLayout
FNDA:0,(anonymous_1)
FNDA:0,(anonymous_2)
DA:8,0
DA:11,0
DA:14,0
DA:16,0
DA:23,0
DA:30,1
DA:35,1
LF:7
LH:2
BRF:0
BRH:0
end_of_record
TN:
SF:src/components/layout/logic-gate/index.js
FNF:0
FNH:0
LF:0
LH:0
BRF:0
BRH:0
end_of_record
TN:
SF:src/components/layout/logic-gate/logic-gate.jsx
FN:7,LogicGate
FNF:1
FNH:1
FNDA:3,LogicGate
DA:10,3
DA:12,3
DA:34,2
LF:3
LH:3
BRF:0
BRH:0
end_of_record
